{"message":"dfb is not defined","level":"error"}
{"level":"error"}
{"message":"dfb is not defined","level":"error"}
{"message":"dfb is not defined","level":"error"}
{"message":"dfb is not defined","level":"error"}
{"message":"dfb is not defined","level":"error"}
{"message":"Invalid shorthand property initializer","level":"error"}
{"message":"await is only valid in async function","level":"error"}
{"message":"await is only valid in async function","level":"error"}
{"message":"await is only valid in async function","level":"error"}
{"message":"await is only valid in async function","level":"error"}
{"message":"await is only valid in async function","level":"error"}
{"message":"await is only valid in async function","level":"error"}
{"message":"await is only valid in async function","level":"error"}
{"message":"await is only valid in async function","level":"error"}
{"message":"await is only valid in async function","level":"error"}
{"message":"await is only valid in async function","level":"error"}
{"message":"await is only valid in async function","level":"error"}
{"message":"missing ) after argument list","level":"error"}
{"message":"Unexpected token {","level":"error"}
{"message":"missing ) after argument list","level":"error"}
